<?xml version="1.0" encoding="UTF-8"?>
<testng-results ignored="0" total="18" passed="18" failed="0" skipped="0">
  <reporter-output>
  </reporter-output>
  <suite started-at="2023-11-16T16:54:47Z" name="BDD Test Suite" finished-at="2023-11-16T16:55:07Z" duration-ms="19232">
    <groups>
      <group name="cucumber">
        <method signature="AbstractTestNGCucumberTests.runScenario(cucumber.api.testng.PickleEventWrapper, cucumber.api.testng.CucumberFeatureWrapper)[pri:0, instance:com.crowdar.bdd.cukes.TestNGSecuencialRunner@481a996b]" name="runScenario" class="cucumber.api.testng.AbstractTestNGCucumberTests"/>
      </group> <!-- cucumber -->
    </groups>
    <test started-at="2023-11-16T16:54:47Z" name="Login and Update Profile Test" finished-at="2023-11-16T16:55:07Z" duration-ms="19232">
      <class name="com.crowdar.bdd.cukes.TestNGSecuencialRunner">
        <test-method is-config="true" signature="setUpClass()[pri:0, instance:com.crowdar.bdd.cukes.TestNGSecuencialRunner@481a996b]" started-at="2023-11-16T16:54:47Z" name="setUpClass" finished-at="2023-11-16T16:54:48Z" duration-ms="515" status="PASS">
          <reporter-output>
          </reporter-output>
        </test-method> <!-- setUpClass -->
        <test-method signature="runScenario(cucumber.api.testng.PickleEventWrapper, cucumber.api.testng.CucumberFeatureWrapper)[pri:0, instance:com.crowdar.bdd.cukes.TestNGSecuencialRunner@481a996b]" started-at="2023-11-16T16:54:48Z" name="runScenario" description="Runs Cucumber Scenarios" data-provider="scenarios" finished-at="2023-11-16T16:54:51Z" duration-ms="2595" status="PASS">
          <params>
            <param index="0">
              <value>
                <![CDATA["Provocar un fallo 400 cambiando GET por POST"]]>
              </value>
            </param>
            <param index="1">
              <value>
                <![CDATA["Errores de Trabajo Practico Integrador Crowdar Lippia Low-Code"]]>
              </value>
            </param>
          </params>
          <reporter-output>
          </reporter-output>
        </test-method> <!-- runScenario -->
        <test-method signature="runScenario(cucumber.api.testng.PickleEventWrapper, cucumber.api.testng.CucumberFeatureWrapper)[pri:0, instance:com.crowdar.bdd.cukes.TestNGSecuencialRunner@481a996b]" started-at="2023-11-16T16:54:51Z" name="runScenario" description="Runs Cucumber Scenarios" data-provider="scenarios" finished-at="2023-11-16T16:54:51Z" duration-ms="296" status="PASS">
          <params>
            <param index="0">
              <value>
                <![CDATA["Proocar un fallo 401 con una Api key incorrecta"]]>
              </value>
            </param>
            <param index="1">
              <value>
                <![CDATA["Errores de Trabajo Practico Integrador Crowdar Lippia Low-Code"]]>
              </value>
            </param>
          </params>
          <reporter-output>
          </reporter-output>
        </test-method> <!-- runScenario -->
        <test-method signature="runScenario(cucumber.api.testng.PickleEventWrapper, cucumber.api.testng.CucumberFeatureWrapper)[pri:0, instance:com.crowdar.bdd.cukes.TestNGSecuencialRunner@481a996b]" started-at="2023-11-16T16:54:51Z" name="runScenario" description="Runs Cucumber Scenarios" data-provider="scenarios" finished-at="2023-11-16T16:54:51Z" duration-ms="359" status="PASS">
          <params>
            <param index="0">
              <value>
                <![CDATA["Provocar un error 404 entregando un Endpoint erroneo"]]>
              </value>
            </param>
            <param index="1">
              <value>
                <![CDATA["Errores de Trabajo Practico Integrador Crowdar Lippia Low-Code"]]>
              </value>
            </param>
          </params>
          <reporter-output>
          </reporter-output>
        </test-method> <!-- runScenario -->
        <test-method signature="runScenario(cucumber.api.testng.PickleEventWrapper, cucumber.api.testng.CucumberFeatureWrapper)[pri:0, instance:com.crowdar.bdd.cukes.TestNGSecuencialRunner@481a996b]" started-at="2023-11-16T16:54:51Z" name="runScenario" description="Runs Cucumber Scenarios" data-provider="scenarios" finished-at="2023-11-16T16:54:52Z" duration-ms="747" status="PASS">
          <params>
            <param index="0">
              <value>
                <![CDATA["Provocar un error 400 cambiando GET por POST"]]>
              </value>
            </param>
            <param index="1">
              <value>
                <![CDATA["Errores de Trabajo Practico Integrador Crowdar Lippia Low-Code"]]>
              </value>
            </param>
          </params>
          <reporter-output>
          </reporter-output>
        </test-method> <!-- runScenario -->
        <test-method signature="runScenario(cucumber.api.testng.PickleEventWrapper, cucumber.api.testng.CucumberFeatureWrapper)[pri:0, instance:com.crowdar.bdd.cukes.TestNGSecuencialRunner@481a996b]" started-at="2023-11-16T16:54:52Z" name="runScenario" description="Runs Cucumber Scenarios" data-provider="scenarios" finished-at="2023-11-16T16:54:53Z" duration-ms="708" status="PASS">
          <params>
            <param index="0">
              <value>
                <![CDATA["Provocar un error 401 escribiendo mal x-api-key"]]>
              </value>
            </param>
            <param index="1">
              <value>
                <![CDATA["Errores de Trabajo Practico Integrador Crowdar Lippia Low-Code"]]>
              </value>
            </param>
          </params>
          <reporter-output>
          </reporter-output>
        </test-method> <!-- runScenario -->
        <test-method signature="runScenario(cucumber.api.testng.PickleEventWrapper, cucumber.api.testng.CucumberFeatureWrapper)[pri:0, instance:com.crowdar.bdd.cukes.TestNGSecuencialRunner@481a996b]" started-at="2023-11-16T16:54:53Z" name="runScenario" description="Runs Cucumber Scenarios" data-provider="scenarios" finished-at="2023-11-16T16:54:53Z" duration-ms="687" status="PASS">
          <params>
            <param index="0">
              <value>
                <![CDATA["Provocar un error 404 entregando un Endpoint erroneo"]]>
              </value>
            </param>
            <param index="1">
              <value>
                <![CDATA["Errores de Trabajo Practico Integrador Crowdar Lippia Low-Code"]]>
              </value>
            </param>
          </params>
          <reporter-output>
          </reporter-output>
        </test-method> <!-- runScenario -->
        <test-method signature="runScenario(cucumber.api.testng.PickleEventWrapper, cucumber.api.testng.CucumberFeatureWrapper)[pri:0, instance:com.crowdar.bdd.cukes.TestNGSecuencialRunner@481a996b]" started-at="2023-11-16T16:54:53Z" name="runScenario" description="Runs Cucumber Scenarios" data-provider="scenarios" finished-at="2023-11-16T16:54:54Z" duration-ms="964" status="PASS">
          <params>
            <param index="0">
              <value>
                <![CDATA["Provocar un error 400 cambiando GET por POST"]]>
              </value>
            </param>
            <param index="1">
              <value>
                <![CDATA["Errores de Trabajo Practico Integrador Crowdar Lippia Low-Code"]]>
              </value>
            </param>
          </params>
          <reporter-output>
          </reporter-output>
        </test-method> <!-- runScenario -->
        <test-method signature="runScenario(cucumber.api.testng.PickleEventWrapper, cucumber.api.testng.CucumberFeatureWrapper)[pri:0, instance:com.crowdar.bdd.cukes.TestNGSecuencialRunner@481a996b]" started-at="2023-11-16T16:54:54Z" name="runScenario" description="Runs Cucumber Scenarios" data-provider="scenarios" finished-at="2023-11-16T16:54:55Z" duration-ms="930" status="PASS">
          <params>
            <param index="0">
              <value>
                <![CDATA["Provocar un error 401 borrando la Api key"]]>
              </value>
            </param>
            <param index="1">
              <value>
                <![CDATA["Errores de Trabajo Practico Integrador Crowdar Lippia Low-Code"]]>
              </value>
            </param>
          </params>
          <reporter-output>
          </reporter-output>
        </test-method> <!-- runScenario -->
        <test-method signature="runScenario(cucumber.api.testng.PickleEventWrapper, cucumber.api.testng.CucumberFeatureWrapper)[pri:0, instance:com.crowdar.bdd.cukes.TestNGSecuencialRunner@481a996b]" started-at="2023-11-16T16:54:55Z" name="runScenario" description="Runs Cucumber Scenarios" data-provider="scenarios" finished-at="2023-11-16T16:54:56Z" duration-ms="1008" status="PASS">
          <params>
            <param index="0">
              <value>
                <![CDATA["Provocar un error 404 entregando un Endpoint erroneo"]]>
              </value>
            </param>
            <param index="1">
              <value>
                <![CDATA["Errores de Trabajo Practico Integrador Crowdar Lippia Low-Code"]]>
              </value>
            </param>
          </params>
          <reporter-output>
          </reporter-output>
        </test-method> <!-- runScenario -->
        <test-method signature="runScenario(cucumber.api.testng.PickleEventWrapper, cucumber.api.testng.CucumberFeatureWrapper)[pri:0, instance:com.crowdar.bdd.cukes.TestNGSecuencialRunner@481a996b]" started-at="2023-11-16T16:54:56Z" name="runScenario" description="Runs Cucumber Scenarios" data-provider="scenarios" finished-at="2023-11-16T16:54:57Z" duration-ms="934" status="PASS">
          <params>
            <param index="0">
              <value>
                <![CDATA["Provocar un error 400 borrando el body"]]>
              </value>
            </param>
            <param index="1">
              <value>
                <![CDATA["Errores de Trabajo Practico Integrador Crowdar Lippia Low-Code"]]>
              </value>
            </param>
          </params>
          <reporter-output>
          </reporter-output>
        </test-method> <!-- runScenario -->
        <test-method signature="runScenario(cucumber.api.testng.PickleEventWrapper, cucumber.api.testng.CucumberFeatureWrapper)[pri:0, instance:com.crowdar.bdd.cukes.TestNGSecuencialRunner@481a996b]" started-at="2023-11-16T16:54:57Z" name="runScenario" description="Runs Cucumber Scenarios" data-provider="scenarios" finished-at="2023-11-16T16:54:58Z" duration-ms="964" status="PASS">
          <params>
            <param index="0">
              <value>
                <![CDATA["Provocar un error 401 entregando mal la Api key"]]>
              </value>
            </param>
            <param index="1">
              <value>
                <![CDATA["Errores de Trabajo Practico Integrador Crowdar Lippia Low-Code"]]>
              </value>
            </param>
          </params>
          <reporter-output>
          </reporter-output>
        </test-method> <!-- runScenario -->
        <test-method signature="runScenario(cucumber.api.testng.PickleEventWrapper, cucumber.api.testng.CucumberFeatureWrapper)[pri:0, instance:com.crowdar.bdd.cukes.TestNGSecuencialRunner@481a996b]" started-at="2023-11-16T16:54:58Z" name="runScenario" description="Runs Cucumber Scenarios" data-provider="scenarios" finished-at="2023-11-16T16:54:59Z" duration-ms="987" status="PASS">
          <params>
            <param index="0">
              <value>
                <![CDATA["Provocar un error 404 enviando un Endpoint incorrecto"]]>
              </value>
            </param>
            <param index="1">
              <value>
                <![CDATA["Errores de Trabajo Practico Integrador Crowdar Lippia Low-Code"]]>
              </value>
            </param>
          </params>
          <reporter-output>
          </reporter-output>
        </test-method> <!-- runScenario -->
        <test-method signature="runScenario(cucumber.api.testng.PickleEventWrapper, cucumber.api.testng.CucumberFeatureWrapper)[pri:0, instance:com.crowdar.bdd.cukes.TestNGSecuencialRunner@481a996b]" started-at="2023-11-16T16:54:59Z" name="runScenario" description="Runs Cucumber Scenarios" data-provider="scenarios" finished-at="2023-11-16T16:55:01Z" duration-ms="1234" status="PASS">
          <params>
            <param index="0">
              <value>
                <![CDATA["Provocar un error 400 eliminando el body"]]>
              </value>
            </param>
            <param index="1">
              <value>
                <![CDATA["Errores de Trabajo Practico Integrador Crowdar Lippia Low-Code"]]>
              </value>
            </param>
          </params>
          <reporter-output>
          </reporter-output>
        </test-method> <!-- runScenario -->
        <test-method signature="runScenario(cucumber.api.testng.PickleEventWrapper, cucumber.api.testng.CucumberFeatureWrapper)[pri:0, instance:com.crowdar.bdd.cukes.TestNGSecuencialRunner@481a996b]" started-at="2023-11-16T16:55:01Z" name="runScenario" description="Runs Cucumber Scenarios" data-provider="scenarios" finished-at="2023-11-16T16:55:02Z" duration-ms="1198" status="PASS">
          <params>
            <param index="0">
              <value>
                <![CDATA["Provocar un error 401 borrando la X de x-api-key"]]>
              </value>
            </param>
            <param index="1">
              <value>
                <![CDATA["Errores de Trabajo Practico Integrador Crowdar Lippia Low-Code"]]>
              </value>
            </param>
          </params>
          <reporter-output>
          </reporter-output>
        </test-method> <!-- runScenario -->
        <test-method signature="runScenario(cucumber.api.testng.PickleEventWrapper, cucumber.api.testng.CucumberFeatureWrapper)[pri:0, instance:com.crowdar.bdd.cukes.TestNGSecuencialRunner@481a996b]" started-at="2023-11-16T16:55:02Z" name="runScenario" description="Runs Cucumber Scenarios" data-provider="scenarios" finished-at="2023-11-16T16:55:03Z" duration-ms="1251" status="PASS">
          <params>
            <param index="0">
              <value>
                <![CDATA["Provocar un error 404 cambiando el Endpoint por v2"]]>
              </value>
            </param>
            <param index="1">
              <value>
                <![CDATA["Errores de Trabajo Practico Integrador Crowdar Lippia Low-Code"]]>
              </value>
            </param>
          </params>
          <reporter-output>
          </reporter-output>
        </test-method> <!-- runScenario -->
        <test-method signature="runScenario(cucumber.api.testng.PickleEventWrapper, cucumber.api.testng.CucumberFeatureWrapper)[pri:0, instance:com.crowdar.bdd.cukes.TestNGSecuencialRunner@481a996b]" started-at="2023-11-16T16:55:03Z" name="runScenario" description="Runs Cucumber Scenarios" data-provider="scenarios" finished-at="2023-11-16T16:55:04Z" duration-ms="1210" status="PASS">
          <params>
            <param index="0">
              <value>
                <![CDATA["Provocar un error 400 cambiando el id del Endpoint"]]>
              </value>
            </param>
            <param index="1">
              <value>
                <![CDATA["Errores de Trabajo Practico Integrador Crowdar Lippia Low-Code"]]>
              </value>
            </param>
          </params>
          <reporter-output>
          </reporter-output>
        </test-method> <!-- runScenario -->
        <test-method signature="runScenario(cucumber.api.testng.PickleEventWrapper, cucumber.api.testng.CucumberFeatureWrapper)[pri:0, instance:com.crowdar.bdd.cukes.TestNGSecuencialRunner@481a996b]" started-at="2023-11-16T16:55:04Z" name="runScenario" description="Runs Cucumber Scenarios" data-provider="scenarios" finished-at="2023-11-16T16:55:05Z" duration-ms="1211" status="PASS">
          <params>
            <param index="0">
              <value>
                <![CDATA["Provocar un error 401 modificando el nombre de Api key"]]>
              </value>
            </param>
            <param index="1">
              <value>
                <![CDATA["Errores de Trabajo Practico Integrador Crowdar Lippia Low-Code"]]>
              </value>
            </param>
          </params>
          <reporter-output>
          </reporter-output>
        </test-method> <!-- runScenario -->
        <test-method signature="runScenario(cucumber.api.testng.PickleEventWrapper, cucumber.api.testng.CucumberFeatureWrapper)[pri:0, instance:com.crowdar.bdd.cukes.TestNGSecuencialRunner@481a996b]" started-at="2023-11-16T16:55:05Z" name="runScenario" description="Runs Cucumber Scenarios" data-provider="scenarios" finished-at="2023-11-16T16:55:07Z" duration-ms="1282" status="PASS">
          <params>
            <param index="0">
              <value>
                <![CDATA["Provocar un error 404 borrando parte del Endpoint"]]>
              </value>
            </param>
            <param index="1">
              <value>
                <![CDATA["Errores de Trabajo Practico Integrador Crowdar Lippia Low-Code"]]>
              </value>
            </param>
          </params>
          <reporter-output>
          </reporter-output>
        </test-method> <!-- runScenario -->
        <test-method is-config="true" signature="tearDownClass()[pri:0, instance:com.crowdar.bdd.cukes.TestNGSecuencialRunner@481a996b]" started-at="2023-11-16T16:55:07Z" name="tearDownClass" finished-at="2023-11-16T16:55:07Z" duration-ms="24" status="PASS">
          <reporter-output>
          </reporter-output>
        </test-method> <!-- tearDownClass -->
      </class> <!-- com.crowdar.bdd.cukes.TestNGSecuencialRunner -->
    </test> <!-- Login and Update Profile Test -->
  </suite> <!-- BDD Test Suite -->
</testng-results>
